<?xml version="1.0" encoding="UTF-8"?>
<!-- Generated by org.testng.reporters.JUnitReportReporter -->
<testsuite hostname="INC00752" name="com.incture.proj.testNg.DemoTestNg" tests="2" failures="0" timestamp="4 Jan 2018 11:28:49 GMT" time="2.124" errors="0">
  <testcase name="test2" time="0.667" classname="com.incture.proj.testNg.DemoTestNg"/>
  <testcase name="test1" time="1.457" classname="com.incture.proj.testNg.DemoTestNg"/>
</testsuite> <!-- com.incture.proj.testNg.DemoTestNg -->
