<?xml version="1.0" encoding="UTF-8"?>
<!-- Generated by org.testng.reporters.JUnitReportReporter -->
<testsuite hostname="INC00752" name="com.incture.proj.testNg.DemoTestNg3" tests="2" failures="0" timestamp="4 Jan 2018 11:27:33 GMT" time="0.344" errors="0">
  <testcase name="test1" time="0.336" classname="com.incture.proj.testNg.DemoTestNg3"/>
  <testcase name="test2" time="0.008" classname="com.incture.proj.testNg.DemoTestNg3"/>
</testsuite> <!-- com.incture.proj.testNg.DemoTestNg3 -->
