<?xml version="1.0" encoding="UTF-8"?>
<!-- Generated by org.testng.reporters.JUnitReportReporter -->
<testsuite hostname="INC00689" name="com.incture.proj.testNg.StorageLocationFlow" tests="1" failures="0" timestamp="12 Jan 2018 05:43:39 GMT" time="160.457" errors="0">
  <testcase name="test1" time="160.457" classname="com.incture.proj.testNg.StorageLocationFlow"/>
</testsuite> <!-- com.incture.proj.testNg.StorageLocationFlow -->
